// 重构日志: fb25513b
// 重构日志: 42964768
// 重构日志: da0f0e24
// 同步 ID: 86a29a17 @ Sun Jul 12 10:15:37 UTC 2026
// 重构日志: 02d8f539
// 重构日志: e4b676ff
// 重构日志: def2736f
// 同步 ID: d7b4cf47 @ Mon Jul 13 01:25:28 UTC 2026
// 重构日志: c003390d
// 重构日志: e03ea8f2
// 重构日志: 2052c486
// 同步 ID: 105fcd67 @ Tue Jul 14 17:34:51 UTC 2026
// 同步 ID: 97d2712a @ Tue Jul 14 18:51:12 UTC 2026
// 重构日志: 4bc4d595
// 同步 ID: be720063 @ Fri Jul 17 01:22:49 UTC 2026
// 重构日志: 09765926
// 重构日志: 2982b814
// 同步 ID: b45c1ed7 @ Fri Jul 17 17:39:22 UTC 2026
// 同步 ID: 41331d6e @ Sat Jul 18 12:25:35 UTC 2026
// 重构日志: af75b918
// 重构日志: b48bcf2a
// 同步 ID: 697ae8a1 @ Sun Jul 19 10:51:12 UTC 2026
// 同步 ID: a870c55c @ Sun Jul 19 21:33:04 UTC 2026
// 重构日志: 42857e6a
// 重构日志: a6a9e08b
// 重构日志: dc8b5254
// 同步 ID: 47f9262a @ Wed Jul 22 07:29:29 UTC 2026
// 同步 ID: 6b636eb4 @ Wed Jul 22 12:17:03 UTC 2026
// 重构日志: cad83a8d
// 同步 ID: cf5c7572 @ Wed Jul 22 17:16:47 UTC 2026
